<?xml version="1.0" encoding="UTF-8"?>
<!-- Generated by org.testng.reporters.JUnitReportReporter -->
<testsuite hostname="Saumyadip" name="com.crm.tests.TestClass" tests="1" failures="1" timestamp="26 Apr 2018 02:32:20 GMT" time="47.627" errors="0">
  <testcase name="checks" time="47.627" classname="com.crm.tests.TestClass">
    <failure type="org.openqa.selenium.WebDriverException" message="Failed to connect to binary FirefoxBinary(C:\Program Files (x86)\Mozilla Firefox\firefox.exe) on port 7055; process output follows: 
	DEBUG	Calling bootstrap method startup on e10srollout@mozilla.org version 1.0
1524709896306	addons.xpi	DEBUG	Registering manifest for C:\Program Files (x86)\Mozilla Firefox\browser\features\firefox@getpocket.com.xpi
1524709896308	addons.xpi	DEBUG	Calling bootstrap method startup on firefox@getpocket.com version 1.0.2
1524709896312	addons.xpi	DEBUG	Registering manifest for C:\Program Files (x86)\Mozilla Firefox\browser\features\loop@mozilla.org.xpi
1524709896316	addons.xpi	DEBUG	Calling bootstrap method startup on loop@mozilla.org version 1.3.2
1524709896366	addons.xpi	DEBUG	Registering manifest for C:\Program Files (x86)\Mozilla Firefox\browser\features\websensehelper@mozilla.org.xpi
1524709896367	addons.xpi	DEBUG	Calling bootstrap method startup on websensehelper@mozilla.org version 1.0
1524709896373	addons.manager	DEBUG	Registering shutdown blocker for XPIProvider
1524709896374	addons.manager	DEBUG	Provider finished startup: XPIProvider
1524709896374	addons.manager	DEBUG	Starting provider: LightweightThemeManager
1524709896375	addons.manager	DEBUG	Registering shutdown blocker for LightweightThemeManager
1524709896375	addons.manager	DEBUG	Provider finished startup: LightweightThemeManager
1524709896377	addons.manager	DEBUG	Starting provider: GMPProvider
1524709896399	addons.manager	DEBUG	Registering shutdown blocker for GMPProvider
1524709896400	addons.manager	DEBUG	Provider finished startup: GMPProvider
1524709896400	addons.manager	DEBUG	Starting provider: PluginProvider
1524709896400	addons.manager	DEBUG	Registering shutdown blocker for PluginProvider
1524709896400	addons.manager	DEBUG	Provider finished startup: PluginProvider
1524709896401	addons.manager	DEBUG	Completed startup sequence
1524709898888	addons.manager	DEBUG	Starting provider: &lt;unnamed-provider&gt;
1524709898888	addons.manager	DEBUG	Registering shutdown blocker for &lt;unnamed-provider&gt;
1524709898890	addons.manager	DEBUG	Provider finished startup: &lt;unnamed-provider&gt;
1524709899882	DeferredSave.extensions.json	DEBUG	Write succeeded
1524709899883	addons.xpi-utils	DEBUG	XPI Database saved, setting schema version preference to 17
1524709899883	DeferredSave.extensions.json	DEBUG	Starting timer
1524709899906	DeferredSave.extensions.json	DEBUG	Starting write
1524709899912	addons.repository	DEBUG	No addons.json found.
1524709899913	DeferredSave.addons.json	DEBUG	Save changes
1524709899919	DeferredSave.addons.json	DEBUG	Starting timer
1524709900040	addons.manager	DEBUG	Starting provider: PreviousExperimentProvider
1524709900040	addons.manager	DEBUG	Registering shutdown blocker for PreviousExperimentProvider
1524709900041	addons.manager	DEBUG	Provider finished startup: PreviousExperimentProvider
1524709900049	DeferredSave.addons.json	DEBUG	Starting write
1524709900061	DeferredSave.extensions.json	DEBUG	Write succeeded
1524709900092	DeferredSave.addons.json	DEBUG	Write succeeded
1524709912680	addons.xpi	DEBUG	Calling bootstrap method shutdown on e10srollout@mozilla.org version 1.0
1524709912680	addons.xpi	DEBUG	Calling bootstrap method shutdown on firefox@getpocket.com version 1.0.2
1524709912681	addons.xpi	DEBUG	Calling bootstrap method shutdown on loop@mozilla.org version 1.3.2
1524709912683	addons.xpi	DEBUG	Calling bootstrap method shutdown on websensehelper@mozilla.org version 1.0
1524709913160	addons.manager	DEBUG	shutdown
1524709913160	addons.manager	DEBUG	Calling shutdown blocker for XPIProvider
1524709913161	addons.xpi	DEBUG	shutdown
1524709913161	addons.xpi-utils	DEBUG	shutdown
1524709913161	addons.manager	DEBUG	Calling shutdown blocker for LightweightThemeManager
1524709913162	addons.manager	DEBUG	Calling shutdown blocker for GMPProvider
1524709913164	addons.manager	DEBUG	Calling shutdown blocker for PluginProvider
1524709913165	addons.manager	DEBUG	Calling shutdown blocker for &lt;unnamed-provider&gt;
1524709913167	addons.manager	DEBUG	Calling shutdown blocker for PreviousExperimentProvider
1524709913170	addons.xpi	DEBUG	Notifying XPI shutdown observers
1524709913176	addons.manager	DEBUG	Async provider shutdown done

Build info: version: &#039;2.53.0&#039;, revision: &#039;35ae25b1534ae328c771e0856c93e187490ca824&#039;, time: &#039;2016-03-15 10:43:46&#039;
System info: host: &#039;Saumyadip&#039;, ip: &#039;192.168.1.5&#039;, os.name: &#039;Windows 10&#039;, os.arch: &#039;amd64&#039;, os.version: &#039;10.0&#039;, java.version: &#039;1.8.0_131&#039;
Driver info: driver.version: FirefoxDriver">
      <![CDATA[org.openqa.selenium.WebDriverException: Failed to connect to binary FirefoxBinary(C:\Program Files (x86)\Mozilla Firefox\firefox.exe) on port 7055; process output follows: 
	DEBUG	Calling bootstrap method startup on e10srollout@mozilla.org version 1.0
1524709896306	addons.xpi	DEBUG	Registering manifest for C:\Program Files (x86)\Mozilla Firefox\browser\features\firefox@getpocket.com.xpi
1524709896308	addons.xpi	DEBUG	Calling bootstrap method startup on firefox@getpocket.com version 1.0.2
1524709896312	addons.xpi	DEBUG	Registering manifest for C:\Program Files (x86)\Mozilla Firefox\browser\features\loop@mozilla.org.xpi
1524709896316	addons.xpi	DEBUG	Calling bootstrap method startup on loop@mozilla.org version 1.3.2
1524709896366	addons.xpi	DEBUG	Registering manifest for C:\Program Files (x86)\Mozilla Firefox\browser\features\websensehelper@mozilla.org.xpi
1524709896367	addons.xpi	DEBUG	Calling bootstrap method startup on websensehelper@mozilla.org version 1.0
1524709896373	addons.manager	DEBUG	Registering shutdown blocker for XPIProvider
1524709896374	addons.manager	DEBUG	Provider finished startup: XPIProvider
1524709896374	addons.manager	DEBUG	Starting provider: LightweightThemeManager
1524709896375	addons.manager	DEBUG	Registering shutdown blocker for LightweightThemeManager
1524709896375	addons.manager	DEBUG	Provider finished startup: LightweightThemeManager
1524709896377	addons.manager	DEBUG	Starting provider: GMPProvider
1524709896399	addons.manager	DEBUG	Registering shutdown blocker for GMPProvider
1524709896400	addons.manager	DEBUG	Provider finished startup: GMPProvider
1524709896400	addons.manager	DEBUG	Starting provider: PluginProvider
1524709896400	addons.manager	DEBUG	Registering shutdown blocker for PluginProvider
1524709896400	addons.manager	DEBUG	Provider finished startup: PluginProvider
1524709896401	addons.manager	DEBUG	Completed startup sequence
1524709898888	addons.manager	DEBUG	Starting provider: <unnamed-provider>
1524709898888	addons.manager	DEBUG	Registering shutdown blocker for <unnamed-provider>
1524709898890	addons.manager	DEBUG	Provider finished startup: <unnamed-provider>
1524709899882	DeferredSave.extensions.json	DEBUG	Write succeeded
1524709899883	addons.xpi-utils	DEBUG	XPI Database saved, setting schema version preference to 17
1524709899883	DeferredSave.extensions.json	DEBUG	Starting timer
1524709899906	DeferredSave.extensions.json	DEBUG	Starting write
1524709899912	addons.repository	DEBUG	No addons.json found.
1524709899913	DeferredSave.addons.json	DEBUG	Save changes
1524709899919	DeferredSave.addons.json	DEBUG	Starting timer
1524709900040	addons.manager	DEBUG	Starting provider: PreviousExperimentProvider
1524709900040	addons.manager	DEBUG	Registering shutdown blocker for PreviousExperimentProvider
1524709900041	addons.manager	DEBUG	Provider finished startup: PreviousExperimentProvider
1524709900049	DeferredSave.addons.json	DEBUG	Starting write
1524709900061	DeferredSave.extensions.json	DEBUG	Write succeeded
1524709900092	DeferredSave.addons.json	DEBUG	Write succeeded
1524709912680	addons.xpi	DEBUG	Calling bootstrap method shutdown on e10srollout@mozilla.org version 1.0
1524709912680	addons.xpi	DEBUG	Calling bootstrap method shutdown on firefox@getpocket.com version 1.0.2
1524709912681	addons.xpi	DEBUG	Calling bootstrap method shutdown on loop@mozilla.org version 1.3.2
1524709912683	addons.xpi	DEBUG	Calling bootstrap method shutdown on websensehelper@mozilla.org version 1.0
1524709913160	addons.manager	DEBUG	shutdown
1524709913160	addons.manager	DEBUG	Calling shutdown blocker for XPIProvider
1524709913161	addons.xpi	DEBUG	shutdown
1524709913161	addons.xpi-utils	DEBUG	shutdown
1524709913161	addons.manager	DEBUG	Calling shutdown blocker for LightweightThemeManager
1524709913162	addons.manager	DEBUG	Calling shutdown blocker for GMPProvider
1524709913164	addons.manager	DEBUG	Calling shutdown blocker for PluginProvider
1524709913165	addons.manager	DEBUG	Calling shutdown blocker for <unnamed-provider>
1524709913167	addons.manager	DEBUG	Calling shutdown blocker for PreviousExperimentProvider
1524709913170	addons.xpi	DEBUG	Notifying XPI shutdown observers
1524709913176	addons.manager	DEBUG	Async provider shutdown done

Build info: version: '2.53.0', revision: '35ae25b1534ae328c771e0856c93e187490ca824', time: '2016-03-15 10:43:46'
System info: host: 'Saumyadip', ip: '192.168.1.5', os.name: 'Windows 10', os.arch: 'amd64', os.version: '10.0', java.version: '1.8.0_131'
Driver info: driver.version: FirefoxDriver
	at org.openqa.selenium.firefox.internal.NewProfileExtensionConnection.start(NewProfileExtensionConnection.java:125)
	at org.openqa.selenium.firefox.FirefoxDriver.startClient(FirefoxDriver.java:271)
	at org.openqa.selenium.remote.RemoteWebDriver.<init>(RemoteWebDriver.java:119)
	at org.openqa.selenium.firefox.FirefoxDriver.<init>(FirefoxDriver.java:216)
	at org.openqa.selenium.firefox.FirefoxDriver.<init>(FirefoxDriver.java:211)
	at org.openqa.selenium.firefox.FirefoxDriver.<init>(FirefoxDriver.java:207)
	at org.openqa.selenium.firefox.FirefoxDriver.<init>(FirefoxDriver.java:120)
	at com.crm.tests.TestClass.checks(TestClass.java:12)
	at sun.reflect.NativeMethodAccessorImpl.invoke0(Native Method)
	at sun.reflect.NativeMethodAccessorImpl.invoke(Unknown Source)
	at sun.reflect.DelegatingMethodAccessorImpl.invoke(Unknown Source)
	at java.lang.reflect.Method.invoke(Unknown Source)
	at org.testng.internal.MethodInvocationHelper.invokeMethod(MethodInvocationHelper.java:80)
	at org.testng.internal.Invoker.invokeMethod(Invoker.java:714)
	at org.testng.internal.Invoker.invokeTestMethod(Invoker.java:901)
	at org.testng.internal.Invoker.invokeTestMethods(Invoker.java:1231)
	at org.testng.internal.TestMethodWorker.invokeTestMethods(TestMethodWorker.java:127)
	at org.testng.internal.TestMethodWorker.run(TestMethodWorker.java:111)
	at org.testng.TestRunner.privateRun(TestRunner.java:767)
	at org.testng.TestRunner.run(TestRunner.java:617)
	at org.testng.SuiteRunner.runTest(SuiteRunner.java:334)
	at org.testng.SuiteRunner.runSequentially(SuiteRunner.java:329)
	at org.testng.SuiteRunner.privateRun(SuiteRunner.java:291)
	at org.testng.SuiteRunner.run(SuiteRunner.java:240)
	at org.testng.SuiteRunnerWorker.runSuite(SuiteRunnerWorker.java:52)
	at org.testng.SuiteRunnerWorker.run(SuiteRunnerWorker.java:86)
	at org.testng.TestNG.runSuitesSequentially(TestNG.java:1198)
	at org.testng.TestNG.runSuitesLocally(TestNG.java:1123)
	at org.testng.TestNG.run(TestNG.java:1031)
	at org.testng.remote.AbstractRemoteTestNG.run(AbstractRemoteTestNG.java:132)
	at org.testng.remote.RemoteTestNG.initAndRun(RemoteTestNG.java:230)
	at org.testng.remote.RemoteTestNG.main(RemoteTestNG.java:76)
Caused by: org.openqa.selenium.firefox.NotConnectedException: Unable to connect to host 127.0.0.1 on port 7055 after 45000 ms. Firefox console output:
	DEBUG	Calling bootstrap method startup on e10srollout@mozilla.org version 1.0
1524709896306	addons.xpi	DEBUG	Registering manifest for C:\Program Files (x86)\Mozilla Firefox\browser\features\firefox@getpocket.com.xpi
1524709896308	addons.xpi	DEBUG	Calling bootstrap method startup on firefox@getpocket.com version 1.0.2
1524709896312	addons.xpi	DEBUG	Registering manifest for C:\Program Files (x86)\Mozilla Firefox\browser\features\loop@mozilla.org.xpi
1524709896316	addons.xpi	DEBUG	Calling bootstrap method startup on loop@mozilla.org version 1.3.2
1524709896366	addons.xpi	DEBUG	Registering manifest for C:\Program Files (x86)\Mozilla Firefox\browser\features\websensehelper@mozilla.org.xpi
1524709896367	addons.xpi	DEBUG	Calling bootstrap method startup on websensehelper@mozilla.org version 1.0
1524709896373	addons.manager	DEBUG	Registering shutdown blocker for XPIProvider
1524709896374	addons.manager	DEBUG	Provider finished startup: XPIProvider
1524709896374	addons.manager	DEBUG	Starting provider: LightweightThemeManager
1524709896375	addons.manager	DEBUG	Registering shutdown blocker for LightweightThemeManager
1524709896375	addons.manager	DEBUG	Provider finished startup: LightweightThemeManager
1524709896377	addons.manager	DEBUG	Starting provider: GMPProvider
1524709896399	addons.manager	DEBUG	Registering shutdown blocker for GMPProvider
1524709896400	addons.manager	DEBUG	Provider finished startup: GMPProvider
1524709896400	addons.manager	DEBUG	Starting provider: PluginProvider
1524709896400	addons.manager	DEBUG	Registering shutdown blocker for PluginProvider
1524709896400	addons.manager	DEBUG	Provider finished startup: PluginProvider
1524709896401	addons.manager	DEBUG	Completed startup sequence
1524709898888	addons.manager	DEBUG	Starting provider: <unnamed-provider>
1524709898888	addons.manager	DEBUG	Registering shutdown blocker for <unnamed-provider>
1524709898890	addons.manager	DEBUG	Provider finished startup: <unnamed-provider>
1524709899882	DeferredSave.extensions.json	DEBUG	Write succeeded
1524709899883	addons.xpi-utils	DEBUG	XPI Database saved, setting schema version preference to 17
1524709899883	DeferredSave.extensions.json	DEBUG	Starting timer
1524709899906	DeferredSave.extensions.json	DEBUG	Starting write
1524709899912	addons.repository	DEBUG	No addons.json found.
1524709899913	DeferredSave.addons.json	DEBUG	Save changes
1524709899919	DeferredSave.addons.json	DEBUG	Starting timer
1524709900040	addons.manager	DEBUG	Starting provider: PreviousExperimentProvider
1524709900040	addons.manager	DEBUG	Registering shutdown blocker for PreviousExperimentProvider
1524709900041	addons.manager	DEBUG	Provider finished startup: PreviousExperimentProvider
1524709900049	DeferredSave.addons.json	DEBUG	Starting write
1524709900061	DeferredSave.extensions.json	DEBUG	Write succeeded
1524709900092	DeferredSave.addons.json	DEBUG	Write succeeded
1524709912680	addons.xpi	DEBUG	Calling bootstrap method shutdown on e10srollout@mozilla.org version 1.0
1524709912680	addons.xpi	DEBUG	Calling bootstrap method shutdown on firefox@getpocket.com version 1.0.2
1524709912681	addons.xpi	DEBUG	Calling bootstrap method shutdown on loop@mozilla.org version 1.3.2
1524709912683	addons.xpi	DEBUG	Calling bootstrap method shutdown on websensehelper@mozilla.org version 1.0
1524709913160	addons.manager	DEBUG	shutdown
1524709913160	addons.manager	DEBUG	Calling shutdown blocker for XPIProvider
1524709913161	addons.xpi	DEBUG	shutdown
1524709913161	addons.xpi-utils	DEBUG	shutdown
1524709913161	addons.manager	DEBUG	Calling shutdown blocker for LightweightThemeManager
1524709913162	addons.manager	DEBUG	Calling shutdown blocker for GMPProvider
1524709913164	addons.manager	DEBUG	Calling shutdown blocker for PluginProvider
1524709913165	addons.manager	DEBUG	Calling shutdown blocker for <unnamed-provider>
1524709913167	addons.manager	DEBUG	Calling shutdown blocker for PreviousExperimentProvider
1524709913170	addons.xpi	DEBUG	Notifying XPI shutdown observers
1524709913176	addons.manager	DEBUG	Async provider shutdown done

	at org.openqa.selenium.firefox.internal.NewProfileExtensionConnection.start(NewProfileExtensionConnection.java:113)
	... 31 more
]]>
    </failure>
  </testcase> <!-- checks -->
</testsuite> <!-- com.crm.tests.TestClass -->
