<?xml version="1.0" encoding="UTF-8"?>
<!-- Generated by org.testng.reporters.JUnitReportReporter -->
<testsuite hostname="Saumyadip" name="com.crm.tests.LoginPageTest" tests="3" failures="0" timestamp="26 Apr 2018 03:40:22 GMT" time="52.814" errors="0">
  <testcase name="crmLogoDisplay" time="15.250" classname="com.crm.tests.LoginPageTest"/>
  <testcase name="LogintoCrmApplication" time="24.155" classname="com.crm.tests.LoginPageTest"/>
  <testcase name="crmLoginPageTitleValidation" time="13.409" classname="com.crm.tests.LoginPageTest"/>
</testsuite> <!-- com.crm.tests.LoginPageTest -->
